<?xml version="1.0" encoding="UTF-8"?>
<!-- Generated by org.testng.reporters.JUnitReportReporter -->
<testsuite hostname="deskScott" failures="0" tests="2" name="ReqApiTest" time="7.922" errors="0" timestamp="2024-07-14T15:40:42 IST" skipped="0">
  <testcase classname="ReqApiTest" name="test2" time="0.547"/>
  <system-out/>
  <testcase classname="ReqApiTest" name="test1" time="7.375"/>
  <system-out/>
</testsuite> <!-- ReqApiTest -->
